<?xml version="1.0" encoding="UTF-8"?>
<!-- Generated by org.testng.reporters.JUnitReportReporter -->
<testsuite hostname="DESKTOP-3SUJPVT" name="com.guru.runner.RunCuke" tests="2" failures="0" timestamp="24 Feb 2019 11:22:28 GMT" time="214.540" errors="0">
  <testcase name="feature" time="53.956" classname="com.guru.runner.RunCuke"/>
  <testcase name="feature" time="160.584" classname="com.guru.runner.RunCuke"/>
</testsuite> <!-- com.guru.runner.RunCuke -->
