<?xml version="1.0" encoding="UTF-8"?>
<!-- Generated by org.testng.reporters.JUnitReportReporter -->
<testsuite hostname="DESKTOP-3SUJPVT" name="com.guru.runner.RunCuke" tests="2" failures="0" timestamp="24 Feb 2019 11:48:58 GMT" time="310.787" errors="0">
  <testcase name="feature" time="99.911" classname="com.guru.runner.RunCuke"/>
  <testcase name="feature" time="210.876" classname="com.guru.runner.RunCuke"/>
</testsuite> <!-- com.guru.runner.RunCuke -->
